[2024-02-17 23:08:21][INFO][com.frameworkset.sqlexecutor.BBossStarterTestCase] Starting BBossStarterTestCase using Java 18.0.2.1 with PID 21204 (started by AI in C:\workspace\bbossgroups\bboss-demos\etl-elasticsearch\db-db-job3)
[2024-02-17 23:08:21][INFO][com.frameworkset.sqlexecutor.BBossStarterTestCase] No active profile set, falling back to 1 default profile: "default"
[2024-02-17 23:08:21][INFO][com.frameworkset.common.poolman.util.SQLManager] Start Pool firstds begin.
[2024-02-17 23:08:21][INFO][com.frameworkset.common.poolman.management.LocalPoolDeployer]  Created JDBC Connection Pool named firstds,config:{"url":"jdbc:mysql://192.168.137.1:3306/apm?allowPublicKeyRetrieval=true&useUnicode=true&characterEncoding=utf-8&useSSL=false&rewriteBatchedStatements=true","driverName":null,"userName":"root","dbname":"firstds","usepool":true,"driver":"com.mysql.cj.jdbc.Driver","password":"******","jndiname":"firstds_jndi","dbtype":null,"loadmetadata":"false","minimumSize":10,"maximumSize":50,"maximumSoft":true,"datasourceFile":null,"testWhileidle":true,"removeAbandoned":"false","logAbandoned":true,"readOnly":null,"enablejta":false,"initialConnections":10,"seqfunction":null,"databaseProductName":null,"databaseProductVersion":null,"driverVersion":null,"datasourceParameters":null,"validationQuery":"select 1","queryfetchsize":null,"external":false,"showsql":true"showsqlParams":false,"externaljndiName":null,"removeOnExceptions":false,"maxOpenPreparedStatements":-1,"userTimeout":300,"connectionTimeout":5000,"maxWait":"6000","transactionTimeout":60,"skimmerFrequency":180000,"shrinkBy":5,"interceptor":"com.frameworkset.common.poolman.interceptor.DummyInterceptor","idGenerator":null,"jndiclass":null,"jndiuser":null,"jndipassword":******,"DbInfoEncrypt":,"balance":random,"enableBalance":"false,"jndiurl":null,"keygenerate":"composite","autoprimarykey":false,"robotquery":true,"poolPreparedStatements":false,"return_GENERATED_KEYS":true,"txIsolationLevel":null}
[2024-02-17 23:08:21][INFO][com.frameworkset.common.poolman.util.JDBCPool] DataSource bound to JNDI under name[firstds_jndi]
[2024-02-17 23:08:21][INFO][com.frameworkset.common.poolman.util.SQLManager] Start Pool firstds complete[success].
[2024-02-17 23:08:21][INFO][org.frameworkset.spi.assemble.LoggerPropertiesInterceptor] org.frameworkset.spi.boot.BaseBBossProperties$Db@61a1ea2c
[2024-02-17 23:08:21][INFO][com.frameworkset.common.poolman.util.SQLManager] Start Pool secondds begin.
[2024-02-17 23:08:21][INFO][com.frameworkset.common.poolman.management.LocalPoolDeployer]  Created JDBC Connection Pool named secondds,config:{"url":"jdbc:mysql://192.168.137.1:3306/bboss?allowPublicKeyRetrieval=true&useUnicode=true&characterEncoding=utf-8&useSSL=false&rewriteBatchedStatements=true","driverName":null,"userName":"root","dbname":"secondds","usepool":true,"driver":"com.mysql.cj.jdbc.Driver","password":"******","jndiname":"secondds_jndi","dbtype":null,"loadmetadata":"false","minimumSize":10,"maximumSize":50,"maximumSoft":true,"datasourceFile":null,"testWhileidle":true,"removeAbandoned":"false","logAbandoned":true,"readOnly":null,"enablejta":false,"initialConnections":10,"seqfunction":null,"databaseProductName":null,"databaseProductVersion":null,"driverVersion":null,"datasourceParameters":null,"validationQuery":"select 1","queryfetchsize":null,"external":false,"showsql":true"showsqlParams":false,"externaljndiName":null,"removeOnExceptions":false,"maxOpenPreparedStatements":-1,"userTimeout":300,"connectionTimeout":5000,"maxWait":"6000","transactionTimeout":60,"skimmerFrequency":180000,"shrinkBy":5,"interceptor":"com.frameworkset.common.poolman.interceptor.DummyInterceptor","idGenerator":null,"jndiclass":null,"jndiuser":null,"jndipassword":******,"DbInfoEncrypt":,"balance":random,"enableBalance":"false,"jndiurl":null,"keygenerate":"composite","autoprimarykey":false,"robotquery":true,"poolPreparedStatements":false,"return_GENERATED_KEYS":true,"txIsolationLevel":null}
[2024-02-17 23:08:21][INFO][com.frameworkset.common.poolman.util.JDBCPool] DataSource bound to JNDI under name[secondds_jndi]
[2024-02-17 23:08:21][INFO][com.frameworkset.common.poolman.util.SQLManager] Start Pool secondds complete[success].
[2024-02-17 23:08:21][INFO][com.frameworkset.common.poolman.util.SQLManager] Start Pool default begin.
[2024-02-17 23:08:21][INFO][com.frameworkset.common.poolman.management.LocalPoolDeployer]  Created JDBC Connection Pool named default,config:{"url":"jdbc:mysql://192.168.137.1:3306/apm?allowPublicKeyRetrieval=true&useUnicode=true&characterEncoding=utf-8&useSSL=false&rewriteBatchedStatements=true","driverName":null,"userName":"root","dbname":"default","usepool":true,"driver":"com.mysql.cj.jdbc.Driver","password":"******","jndiname":"default_jndi","dbtype":null,"loadmetadata":"false","minimumSize":10,"maximumSize":50,"maximumSoft":true,"datasourceFile":null,"testWhileidle":true,"removeAbandoned":"false","logAbandoned":true,"readOnly":null,"enablejta":false,"initialConnections":10,"seqfunction":null,"databaseProductName":null,"databaseProductVersion":null,"driverVersion":null,"datasourceParameters":null,"validationQuery":"select 1","queryfetchsize":null,"external":false,"showsql":true"showsqlParams":false,"externaljndiName":null,"removeOnExceptions":false,"maxOpenPreparedStatements":-1,"userTimeout":300,"connectionTimeout":5000,"maxWait":"6000","transactionTimeout":60,"skimmerFrequency":180000,"shrinkBy":5,"interceptor":"com.frameworkset.common.poolman.interceptor.DummyInterceptor","idGenerator":null,"jndiclass":null,"jndiuser":null,"jndipassword":******,"DbInfoEncrypt":,"balance":random,"enableBalance":"false,"jndiurl":null,"keygenerate":"composite","autoprimarykey":false,"robotquery":true,"poolPreparedStatements":false,"return_GENERATED_KEYS":true,"txIsolationLevel":null}
[2024-02-17 23:08:21][INFO][com.frameworkset.common.poolman.util.JDBCPool] DataSource bound to JNDI under name[default_jndi]
[2024-02-17 23:08:21][INFO][com.frameworkset.common.poolman.util.SQLManager] Start Pool default complete[success].
[2024-02-17 23:08:22][INFO][com.frameworkset.sqlexecutor.BBossStarterTestCase] Started BBossStarterTestCase in 1.027 seconds (process running for 1.639)
[2024-02-17 23:08:22][INFO][com.frameworkset.common.poolman.PreparedDBUtil] Execute JDBC prepared query statement:select * from user
[2024-02-17 23:08:22][INFO][com.frameworkset.sqlexecutor.BBossStarterTestCase] [{"qq":"","creator":0,"role":2,"im":"","passwd":"63a9f0ea7bb98050796b649e85481845","phone":"","created":1503478578000,"cnname":"管理员","name":"root","id":1,"email":"409003415@qq.com"},{"qq":"","creator":0,"role":0,"im":"","passwd":"e10adc3949ba59abbe56e057f20f883e","phone":"13507403064","created":1504148581000,"cnname":"lijc","name":"lijc","id":3,"email":"123@123.com"}]
[2024-02-18 09:10:24][INFO][com.frameworkset.sqlexecutor.BBossStarterTestCase] Starting BBossStarterTestCase using Java 18.0.2.1 with PID 5720 (started by AI in C:\workspace\bbossgroups\bboss-demos\etl-elasticsearch\db-db-job3)
[2024-02-18 09:10:24][INFO][com.frameworkset.sqlexecutor.BBossStarterTestCase] No active profile set, falling back to 1 default profile: "default"
[2024-02-18 09:10:24][INFO][com.frameworkset.common.poolman.util.SQLManager] Start Pool firstds begin.
[2024-02-18 09:10:24][INFO][com.frameworkset.common.poolman.management.LocalPoolDeployer]  Created JDBC Connection Pool named firstds,config:{"url":"jdbc:mysql://192.168.137.1:3306/apm?allowPublicKeyRetrieval=true&useUnicode=true&characterEncoding=utf-8&useSSL=false&rewriteBatchedStatements=true","driverName":null,"userName":"root","dbname":"firstds","usepool":true,"driver":"com.mysql.cj.jdbc.Driver","password":"******","jndiname":"firstds_jndi","dbtype":null,"loadmetadata":"false","minimumSize":10,"maximumSize":50,"maximumSoft":true,"datasourceFile":null,"testWhileidle":true,"removeAbandoned":"false","logAbandoned":true,"readOnly":null,"enablejta":false,"initialConnections":10,"seqfunction":null,"databaseProductName":null,"databaseProductVersion":null,"driverVersion":null,"datasourceParameters":null,"validationQuery":"select 1","queryfetchsize":null,"external":false,"showsql":true"showsqlParams":false,"externaljndiName":null,"removeOnExceptions":false,"maxOpenPreparedStatements":-1,"userTimeout":300,"connectionTimeout":5000,"maxWait":"6000","transactionTimeout":60,"skimmerFrequency":180000,"shrinkBy":5,"interceptor":"com.frameworkset.common.poolman.interceptor.DummyInterceptor","idGenerator":null,"jndiclass":null,"jndiuser":null,"jndipassword":******,"DbInfoEncrypt":,"balance":random,"enableBalance":"false,"jndiurl":null,"keygenerate":"composite","autoprimarykey":false,"robotquery":true,"poolPreparedStatements":false,"return_GENERATED_KEYS":true,"txIsolationLevel":null}
[2024-02-18 09:10:26][WARN][com.frameworkset.commons.dbcp2.BasicDataSource] Error preloading the connection pool
com.frameworkset.common.poolman.NestedSQLException: jdbc:mysql://192.168.137.1:3306/apm?allowPublicKeyRetrieval=true&useUnicode=true&characterEncoding=utf-8&useSSL=false&rewriteBatchedStatements=true
	at com.frameworkset.commons.dbcp2.DriverConnectionFactory.createConnection(DriverConnectionFactory.java:62)
	at com.frameworkset.commons.dbcp2.PoolableConnectionFactory.makeObject(PoolableConnectionFactory.java:361)
	at com.frameworkset.commons.pool2.impl.GenericObjectPool.create(GenericObjectPool.java:902)
	at com.frameworkset.commons.pool2.impl.GenericObjectPool.addObject(GenericObjectPool.java:1009)
	at com.frameworkset.commons.dbcp2.BasicDataSource.createDataSource(BasicDataSource.java:577)
	at com.frameworkset.commons.dbcp2.BasicDataSource.getLogWriter(BasicDataSource.java:1079)
	at com.frameworkset.commons.dbcp.BasicDataSourceFactory.createDBCP2DataSource(BasicDataSourceFactory.java:392)
	at com.frameworkset.commons.dbcp.BasicDataSourceFactory.createDBCP2DataSource(BasicDataSourceFactory.java:168)
	at com.frameworkset.common.poolman.util.JDBCPool.initPoolDatasource(JDBCPool.java:501)
	at com.frameworkset.common.poolman.util.JDBCPool.setUpCommonPool(JDBCPool.java:531)
	at com.frameworkset.common.poolman.util.JDBCPool.startPool(JDBCPool.java:752)
	at com.frameworkset.common.poolman.util.JDBCPool.<init>(JDBCPool.java:717)
	at com.frameworkset.common.poolman.util.SQLManager.createPool(SQLManager.java:156)
	at com.frameworkset.common.poolman.management.LocalPoolDeployer.startDataSource(LocalPoolDeployer.java:250)
	at com.frameworkset.common.poolman.management.LocalPoolDeployer.deployConfiguration(LocalPoolDeployer.java:90)
	at com.frameworkset.common.poolman.management.PoolManBootstrap.startFromTemplte(PoolManBootstrap.java:143)
	at com.frameworkset.common.poolman.util.SQLManager.startPool(SQLManager.java:998)
	at org.frameworkset.spi.boot.BBossStarter.initDS(BBossStarter.java:159)
	at org.frameworkset.spi.boot.BBossStarter.initDs(BBossStarter.java:105)
	at org.frameworkset.spi.boot.BBossStarter.start(BBossStarter.java:60)
	at java.base/jdk.internal.reflect.DirectMethodHandleAccessor.invoke(DirectMethodHandleAccessor.java:104)
	at java.base/java.lang.reflect.Method.invoke(Method.java:577)
	at org.springframework.beans.factory.support.AbstractAutowireCapableBeanFactory.invokeCustomInitMethod(AbstractAutowireCapableBeanFactory.java:1877)
	at org.springframework.beans.factory.support.AbstractAutowireCapableBeanFactory.invokeInitMethods(AbstractAutowireCapableBeanFactory.java:1830)
	at org.springframework.beans.factory.support.AbstractAutowireCapableBeanFactory.initializeBean(AbstractAutowireCapableBeanFactory.java:1769)
	at org.springframework.beans.factory.support.AbstractAutowireCapableBeanFactory.doCreateBean(AbstractAutowireCapableBeanFactory.java:599)
	at org.springframework.beans.factory.support.AbstractAutowireCapableBeanFactory.createBean(AbstractAutowireCapableBeanFactory.java:521)
	at org.springframework.beans.factory.support.AbstractBeanFactory.lambda$doGetBean$0(AbstractBeanFactory.java:325)
	at org.springframework.beans.factory.support.DefaultSingletonBeanRegistry.getSingleton(DefaultSingletonBeanRegistry.java:234)
	at org.springframework.beans.factory.support.AbstractBeanFactory.doGetBean(AbstractBeanFactory.java:323)
	at org.springframework.beans.factory.support.AbstractBeanFactory.getBean(AbstractBeanFactory.java:199)
	at org.springframework.beans.factory.config.DependencyDescriptor.resolveCandidate(DependencyDescriptor.java:254)
	at org.springframework.beans.factory.support.DefaultListableBeanFactory.doResolveDependency(DefaultListableBeanFactory.java:1443)
	at org.springframework.beans.factory.support.DefaultListableBeanFactory.resolveDependency(DefaultListableBeanFactory.java:1353)
	at org.springframework.beans.factory.annotation.AutowiredAnnotationBeanPostProcessor$AutowiredFieldElement.resolveFieldValue(AutowiredAnnotationBeanPostProcessor.java:784)
	at org.springframework.beans.factory.annotation.AutowiredAnnotationBeanPostProcessor$AutowiredFieldElement.inject(AutowiredAnnotationBeanPostProcessor.java:767)
	at org.springframework.beans.factory.annotation.InjectionMetadata.inject(InjectionMetadata.java:145)
	at org.springframework.beans.factory.annotation.AutowiredAnnotationBeanPostProcessor.postProcessProperties(AutowiredAnnotationBeanPostProcessor.java:508)
	at org.springframework.beans.factory.support.AbstractAutowireCapableBeanFactory.populateBean(AbstractAutowireCapableBeanFactory.java:1418)
	at org.springframework.beans.factory.support.AbstractAutowireCapableBeanFactory.doCreateBean(AbstractAutowireCapableBeanFactory.java:598)
	at org.springframework.beans.factory.support.AbstractAutowireCapableBeanFactory.createBean(AbstractAutowireCapableBeanFactory.java:521)
	at org.springframework.beans.factory.support.AbstractBeanFactory.lambda$doGetBean$0(AbstractBeanFactory.java:325)
	at org.springframework.beans.factory.support.DefaultSingletonBeanRegistry.getSingleton(DefaultSingletonBeanRegistry.java:234)
	at org.springframework.beans.factory.support.AbstractBeanFactory.doGetBean(AbstractBeanFactory.java:323)
	at org.springframework.beans.factory.support.AbstractBeanFactory.getBean(AbstractBeanFactory.java:199)
	at org.springframework.beans.factory.support.DefaultListableBeanFactory.preInstantiateSingletons(DefaultListableBeanFactory.java:975)
	at org.springframework.context.support.AbstractApplicationContext.finishBeanFactoryInitialization(AbstractApplicationContext.java:959)
	at org.springframework.context.support.AbstractApplicationContext.refresh(AbstractApplicationContext.java:624)
	at org.springframework.boot.SpringApplication.refresh(SpringApplication.java:754)
	at org.springframework.boot.SpringApplication.refreshContext(SpringApplication.java:456)
	at org.springframework.boot.SpringApplication.run(SpringApplication.java:334)
	at org.springframework.boot.test.context.SpringBootContextLoader.lambda$loadContext$3(SpringBootContextLoader.java:137)
	at org.springframework.util.function.ThrowingSupplier.get(ThrowingSupplier.java:58)
	at org.springframework.util.function.ThrowingSupplier.get(ThrowingSupplier.java:46)
	at org.springframework.boot.SpringApplication.withHook(SpringApplication.java:1454)
	at org.springframework.boot.test.context.SpringBootContextLoader$ContextLoaderHook.run(SpringBootContextLoader.java:552)
	at org.springframework.boot.test.context.SpringBootContextLoader.loadContext(SpringBootContextLoader.java:137)
	at org.springframework.boot.test.context.SpringBootContextLoader.loadContext(SpringBootContextLoader.java:108)
	at org.springframework.test.context.cache.DefaultCacheAwareContextLoaderDelegate.loadContextInternal(DefaultCacheAwareContextLoaderDelegate.java:225)
	at org.springframework.test.context.cache.DefaultCacheAwareContextLoaderDelegate.loadContext(DefaultCacheAwareContextLoaderDelegate.java:152)
	at org.springframework.test.context.support.DefaultTestContext.getApplicationContext(DefaultTestContext.java:130)
	at org.springframework.test.context.support.DependencyInjectionTestExecutionListener.injectDependencies(DependencyInjectionTestExecutionListener.java:142)
	at org.springframework.test.context.support.DependencyInjectionTestExecutionListener.prepareTestInstance(DependencyInjectionTestExecutionListener.java:98)
	at org.springframework.test.context.TestContextManager.prepareTestInstance(TestContextManager.java:260)
	at org.springframework.test.context.junit4.SpringJUnit4ClassRunner.createTest(SpringJUnit4ClassRunner.java:228)
	at org.springframework.test.context.junit4.SpringJUnit4ClassRunner$1.runReflectiveCall(SpringJUnit4ClassRunner.java:289)
	at org.junit.internal.runners.model.ReflectiveCallable.run(ReflectiveCallable.java:12)
	at org.springframework.test.context.junit4.SpringJUnit4ClassRunner.methodBlock(SpringJUnit4ClassRunner.java:291)
	at org.springframework.test.context.junit4.SpringJUnit4ClassRunner.runChild(SpringJUnit4ClassRunner.java:247)
	at org.springframework.test.context.junit4.SpringJUnit4ClassRunner.runChild(SpringJUnit4ClassRunner.java:97)
	at org.junit.runners.ParentRunner$4.run(ParentRunner.java:331)
	at org.junit.runners.ParentRunner$1.schedule(ParentRunner.java:79)
	at org.junit.runners.ParentRunner.runChildren(ParentRunner.java:329)
	at org.junit.runners.ParentRunner.access$100(ParentRunner.java:66)
	at org.junit.runners.ParentRunner$2.evaluate(ParentRunner.java:293)
	at org.springframework.test.context.junit4.statements.RunBeforeTestClassCallbacks.evaluate(RunBeforeTestClassCallbacks.java:61)
	at org.springframework.test.context.junit4.statements.RunAfterTestClassCallbacks.evaluate(RunAfterTestClassCallbacks.java:70)
	at org.junit.runners.ParentRunner$3.evaluate(ParentRunner.java:306)
	at org.junit.runners.ParentRunner.run(ParentRunner.java:413)
	at org.springframework.test.context.junit4.SpringJUnit4ClassRunner.run(SpringJUnit4ClassRunner.java:191)
	at org.junit.runner.JUnitCore.run(JUnitCore.java:137)
	at com.intellij.junit4.JUnit4IdeaTestRunner.startRunnerWithArgs(JUnit4IdeaTestRunner.java:69)
	at com.intellij.rt.junit.IdeaTestRunner$Repeater$1.execute(IdeaTestRunner.java:38)
	at com.intellij.rt.execution.junit.TestsRepeater.repeat(TestsRepeater.java:11)
	at com.intellij.rt.junit.IdeaTestRunner$Repeater.startRunnerWithArgs(IdeaTestRunner.java:35)
	at com.intellij.rt.junit.JUnitStarter.prepareStreamsAndStart(JUnitStarter.java:232)
	at com.intellij.rt.junit.JUnitStarter.main(JUnitStarter.java:55)
Caused by: com.mysql.cj.jdbc.exceptions.CommunicationsException: Communications link failure

The last packet sent successfully to the server was 0 milliseconds ago. The driver has not received any packets from the server.
	at com.mysql.cj.jdbc.exceptions.SQLError.createCommunicationsException(SQLError.java:174)
	at com.mysql.cj.jdbc.exceptions.SQLExceptionsMapping.translateException(SQLExceptionsMapping.java:64)
	at com.mysql.cj.jdbc.ConnectionImpl.createNewIO(ConnectionImpl.java:829)
	at com.mysql.cj.jdbc.ConnectionImpl.<init>(ConnectionImpl.java:449)
	at com.mysql.cj.jdbc.ConnectionImpl.getInstance(ConnectionImpl.java:242)
	at com.mysql.cj.jdbc.NonRegisteringDriver.connect(NonRegisteringDriver.java:198)
	at com.frameworkset.commons.dbcp2.DriverConnectionFactory.createConnection(DriverConnectionFactory.java:59)
	... 86 more
Caused by: com.mysql.cj.exceptions.CJCommunicationsException: Communications link failure

The last packet sent successfully to the server was 0 milliseconds ago. The driver has not received any packets from the server.
	at java.base/jdk.internal.reflect.DirectConstructorHandleAccessor.newInstance(DirectConstructorHandleAccessor.java:67)
	at java.base/java.lang.reflect.Constructor.newInstanceWithCaller(Constructor.java:499)
	at java.base/java.lang.reflect.Constructor.newInstance(Constructor.java:483)
	at com.mysql.cj.exceptions.ExceptionFactory.createException(ExceptionFactory.java:61)
	at com.mysql.cj.exceptions.ExceptionFactory.createException(ExceptionFactory.java:105)
	at com.mysql.cj.exceptions.ExceptionFactory.createException(ExceptionFactory.java:151)
	at com.mysql.cj.exceptions.ExceptionFactory.createCommunicationsException(ExceptionFactory.java:167)
	at com.mysql.cj.protocol.a.NativeSocketConnection.connect(NativeSocketConnection.java:89)
	at com.mysql.cj.NativeSession.connect(NativeSession.java:120)
	at com.mysql.cj.jdbc.ConnectionImpl.connectOneTryOnly(ConnectionImpl.java:949)
	at com.mysql.cj.jdbc.ConnectionImpl.createNewIO(ConnectionImpl.java:819)
	... 90 more
Caused by: java.net.ConnectException: Connection refused: connect
	at java.base/sun.nio.ch.Net.connect0(Native Method)
	at java.base/sun.nio.ch.Net.connect(Net.java:579)
	at java.base/sun.nio.ch.Net.connect(Net.java:568)
	at java.base/sun.nio.ch.NioSocketImpl.connect(NioSocketImpl.java:585)
	at java.base/java.net.SocksSocketImpl.connect(SocksSocketImpl.java:327)
	at java.base/java.net.Socket.connect(Socket.java:633)
	at com.mysql.cj.protocol.StandardSocketFactory.connect(StandardSocketFactory.java:156)
	at com.mysql.cj.protocol.a.NativeSocketConnection.connect(NativeSocketConnection.java:63)
	... 93 more
[2024-02-18 09:10:26][INFO][com.frameworkset.common.poolman.util.JDBCPool] DataSource bound to JNDI under name[firstds_jndi]
[2024-02-18 09:10:29][INFO][com.frameworkset.common.poolman.util.SQLManager] Start Pool firstds complete[success].
[2024-02-18 09:10:29][INFO][org.frameworkset.spi.assemble.LoggerPropertiesInterceptor] org.frameworkset.spi.boot.BaseBBossProperties$Db@72d0f2b4
[2024-02-18 09:10:29][INFO][com.frameworkset.common.poolman.util.SQLManager] Start Pool secondds begin.
[2024-02-18 09:10:29][INFO][com.frameworkset.common.poolman.management.LocalPoolDeployer]  Created JDBC Connection Pool named secondds,config:{"url":"jdbc:mysql://192.168.137.1:3306/bboss?allowPublicKeyRetrieval=true&useUnicode=true&characterEncoding=utf-8&useSSL=false&rewriteBatchedStatements=true","driverName":null,"userName":"root","dbname":"secondds","usepool":true,"driver":"com.mysql.cj.jdbc.Driver","password":"******","jndiname":"secondds_jndi","dbtype":null,"loadmetadata":"false","minimumSize":10,"maximumSize":50,"maximumSoft":true,"datasourceFile":null,"testWhileidle":true,"removeAbandoned":"false","logAbandoned":true,"readOnly":null,"enablejta":false,"initialConnections":10,"seqfunction":null,"databaseProductName":null,"databaseProductVersion":null,"driverVersion":null,"datasourceParameters":null,"validationQuery":"select 1","queryfetchsize":null,"external":false,"showsql":true"showsqlParams":false,"externaljndiName":null,"removeOnExceptions":false,"maxOpenPreparedStatements":-1,"userTimeout":300,"connectionTimeout":5000,"maxWait":"6000","transactionTimeout":60,"skimmerFrequency":180000,"shrinkBy":5,"interceptor":"com.frameworkset.common.poolman.interceptor.DummyInterceptor","idGenerator":null,"jndiclass":null,"jndiuser":null,"jndipassword":******,"DbInfoEncrypt":,"balance":random,"enableBalance":"false,"jndiurl":null,"keygenerate":"composite","autoprimarykey":false,"robotquery":true,"poolPreparedStatements":false,"return_GENERATED_KEYS":true,"txIsolationLevel":null}
[2024-02-18 09:10:31][WARN][com.frameworkset.commons.dbcp2.BasicDataSource] Error preloading the connection pool
com.frameworkset.common.poolman.NestedSQLException: jdbc:mysql://192.168.137.1:3306/bboss?allowPublicKeyRetrieval=true&useUnicode=true&characterEncoding=utf-8&useSSL=false&rewriteBatchedStatements=true
	at com.frameworkset.commons.dbcp2.DriverConnectionFactory.createConnection(DriverConnectionFactory.java:62)
	at com.frameworkset.commons.dbcp2.PoolableConnectionFactory.makeObject(PoolableConnectionFactory.java:361)
	at com.frameworkset.commons.pool2.impl.GenericObjectPool.create(GenericObjectPool.java:902)
	at com.frameworkset.commons.pool2.impl.GenericObjectPool.addObject(GenericObjectPool.java:1009)
	at com.frameworkset.commons.dbcp2.BasicDataSource.createDataSource(BasicDataSource.java:577)
	at com.frameworkset.commons.dbcp2.BasicDataSource.getLogWriter(BasicDataSource.java:1079)
	at com.frameworkset.commons.dbcp.BasicDataSourceFactory.createDBCP2DataSource(BasicDataSourceFactory.java:392)
	at com.frameworkset.commons.dbcp.BasicDataSourceFactory.createDBCP2DataSource(BasicDataSourceFactory.java:168)
	at com.frameworkset.common.poolman.util.JDBCPool.initPoolDatasource(JDBCPool.java:501)
	at com.frameworkset.common.poolman.util.JDBCPool.setUpCommonPool(JDBCPool.java:531)
	at com.frameworkset.common.poolman.util.JDBCPool.startPool(JDBCPool.java:752)
	at com.frameworkset.common.poolman.util.JDBCPool.<init>(JDBCPool.java:717)
	at com.frameworkset.common.poolman.util.SQLManager.createPool(SQLManager.java:156)
	at com.frameworkset.common.poolman.management.LocalPoolDeployer.startDataSource(LocalPoolDeployer.java:250)
	at com.frameworkset.common.poolman.management.LocalPoolDeployer.deployConfiguration(LocalPoolDeployer.java:90)
	at com.frameworkset.common.poolman.management.PoolManBootstrap.startFromTemplte(PoolManBootstrap.java:143)
	at com.frameworkset.common.poolman.util.SQLManager.startPool(SQLManager.java:998)
	at org.frameworkset.spi.boot.BBossStarter.initDS(BBossStarter.java:159)
	at org.frameworkset.spi.boot.BBossStarter.initDs(BBossStarter.java:105)
	at org.frameworkset.spi.boot.BBossStarter.start(BBossStarter.java:60)
	at java.base/jdk.internal.reflect.DirectMethodHandleAccessor.invoke(DirectMethodHandleAccessor.java:104)
	at java.base/java.lang.reflect.Method.invoke(Method.java:577)
	at org.springframework.beans.factory.support.AbstractAutowireCapableBeanFactory.invokeCustomInitMethod(AbstractAutowireCapableBeanFactory.java:1877)
	at org.springframework.beans.factory.support.AbstractAutowireCapableBeanFactory.invokeInitMethods(AbstractAutowireCapableBeanFactory.java:1830)
	at org.springframework.beans.factory.support.AbstractAutowireCapableBeanFactory.initializeBean(AbstractAutowireCapableBeanFactory.java:1769)
	at org.springframework.beans.factory.support.AbstractAutowireCapableBeanFactory.doCreateBean(AbstractAutowireCapableBeanFactory.java:599)
	at org.springframework.beans.factory.support.AbstractAutowireCapableBeanFactory.createBean(AbstractAutowireCapableBeanFactory.java:521)
	at org.springframework.beans.factory.support.AbstractBeanFactory.lambda$doGetBean$0(AbstractBeanFactory.java:325)
	at org.springframework.beans.factory.support.DefaultSingletonBeanRegistry.getSingleton(DefaultSingletonBeanRegistry.java:234)
	at org.springframework.beans.factory.support.AbstractBeanFactory.doGetBean(AbstractBeanFactory.java:323)
	at org.springframework.beans.factory.support.AbstractBeanFactory.getBean(AbstractBeanFactory.java:199)
	at org.springframework.beans.factory.config.DependencyDescriptor.resolveCandidate(DependencyDescriptor.java:254)
	at org.springframework.beans.factory.support.DefaultListableBeanFactory.doResolveDependency(DefaultListableBeanFactory.java:1443)
	at org.springframework.beans.factory.support.DefaultListableBeanFactory.resolveDependency(DefaultListableBeanFactory.java:1353)
	at org.springframework.beans.factory.annotation.AutowiredAnnotationBeanPostProcessor$AutowiredFieldElement.resolveFieldValue(AutowiredAnnotationBeanPostProcessor.java:784)
	at org.springframework.beans.factory.annotation.AutowiredAnnotationBeanPostProcessor$AutowiredFieldElement.inject(AutowiredAnnotationBeanPostProcessor.java:767)
	at org.springframework.beans.factory.annotation.InjectionMetadata.inject(InjectionMetadata.java:145)
	at org.springframework.beans.factory.annotation.AutowiredAnnotationBeanPostProcessor.postProcessProperties(AutowiredAnnotationBeanPostProcessor.java:508)
	at org.springframework.beans.factory.support.AbstractAutowireCapableBeanFactory.populateBean(AbstractAutowireCapableBeanFactory.java:1418)
	at org.springframework.beans.factory.support.AbstractAutowireCapableBeanFactory.doCreateBean(AbstractAutowireCapableBeanFactory.java:598)
	at org.springframework.beans.factory.support.AbstractAutowireCapableBeanFactory.createBean(AbstractAutowireCapableBeanFactory.java:521)
	at org.springframework.beans.factory.support.AbstractBeanFactory.lambda$doGetBean$0(AbstractBeanFactory.java:325)
	at org.springframework.beans.factory.support.DefaultSingletonBeanRegistry.getSingleton(DefaultSingletonBeanRegistry.java:234)
	at org.springframework.beans.factory.support.AbstractBeanFactory.doGetBean(AbstractBeanFactory.java:323)
	at org.springframework.beans.factory.support.AbstractBeanFactory.getBean(AbstractBeanFactory.java:199)
	at org.springframework.beans.factory.support.DefaultListableBeanFactory.preInstantiateSingletons(DefaultListableBeanFactory.java:975)
	at org.springframework.context.support.AbstractApplicationContext.finishBeanFactoryInitialization(AbstractApplicationContext.java:959)
	at org.springframework.context.support.AbstractApplicationContext.refresh(AbstractApplicationContext.java:624)
	at org.springframework.boot.SpringApplication.refresh(SpringApplication.java:754)
	at org.springframework.boot.SpringApplication.refreshContext(SpringApplication.java:456)
	at org.springframework.boot.SpringApplication.run(SpringApplication.java:334)
	at org.springframework.boot.test.context.SpringBootContextLoader.lambda$loadContext$3(SpringBootContextLoader.java:137)
	at org.springframework.util.function.ThrowingSupplier.get(ThrowingSupplier.java:58)
	at org.springframework.util.function.ThrowingSupplier.get(ThrowingSupplier.java:46)
	at org.springframework.boot.SpringApplication.withHook(SpringApplication.java:1454)
	at org.springframework.boot.test.context.SpringBootContextLoader$ContextLoaderHook.run(SpringBootContextLoader.java:552)
	at org.springframework.boot.test.context.SpringBootContextLoader.loadContext(SpringBootContextLoader.java:137)
	at org.springframework.boot.test.context.SpringBootContextLoader.loadContext(SpringBootContextLoader.java:108)
	at org.springframework.test.context.cache.DefaultCacheAwareContextLoaderDelegate.loadContextInternal(DefaultCacheAwareContextLoaderDelegate.java:225)
	at org.springframework.test.context.cache.DefaultCacheAwareContextLoaderDelegate.loadContext(DefaultCacheAwareContextLoaderDelegate.java:152)
	at org.springframework.test.context.support.DefaultTestContext.getApplicationContext(DefaultTestContext.java:130)
	at org.springframework.test.context.support.DependencyInjectionTestExecutionListener.injectDependencies(DependencyInjectionTestExecutionListener.java:142)
	at org.springframework.test.context.support.DependencyInjectionTestExecutionListener.prepareTestInstance(DependencyInjectionTestExecutionListener.java:98)
	at org.springframework.test.context.TestContextManager.prepareTestInstance(TestContextManager.java:260)
	at org.springframework.test.context.junit4.SpringJUnit4ClassRunner.createTest(SpringJUnit4ClassRunner.java:228)
	at org.springframework.test.context.junit4.SpringJUnit4ClassRunner$1.runReflectiveCall(SpringJUnit4ClassRunner.java:289)
	at org.junit.internal.runners.model.ReflectiveCallable.run(ReflectiveCallable.java:12)
	at org.springframework.test.context.junit4.SpringJUnit4ClassRunner.methodBlock(SpringJUnit4ClassRunner.java:291)
	at org.springframework.test.context.junit4.SpringJUnit4ClassRunner.runChild(SpringJUnit4ClassRunner.java:247)
	at org.springframework.test.context.junit4.SpringJUnit4ClassRunner.runChild(SpringJUnit4ClassRunner.java:97)
	at org.junit.runners.ParentRunner$4.run(ParentRunner.java:331)
	at org.junit.runners.ParentRunner$1.schedule(ParentRunner.java:79)
	at org.junit.runners.ParentRunner.runChildren(ParentRunner.java:329)
	at org.junit.runners.ParentRunner.access$100(ParentRunner.java:66)
	at org.junit.runners.ParentRunner$2.evaluate(ParentRunner.java:293)
	at org.springframework.test.context.junit4.statements.RunBeforeTestClassCallbacks.evaluate(RunBeforeTestClassCallbacks.java:61)
	at org.springframework.test.context.junit4.statements.RunAfterTestClassCallbacks.evaluate(RunAfterTestClassCallbacks.java:70)
	at org.junit.runners.ParentRunner$3.evaluate(ParentRunner.java:306)
	at org.junit.runners.ParentRunner.run(ParentRunner.java:413)
	at org.springframework.test.context.junit4.SpringJUnit4ClassRunner.run(SpringJUnit4ClassRunner.java:191)
	at org.junit.runner.JUnitCore.run(JUnitCore.java:137)
	at com.intellij.junit4.JUnit4IdeaTestRunner.startRunnerWithArgs(JUnit4IdeaTestRunner.java:69)
	at com.intellij.rt.junit.IdeaTestRunner$Repeater$1.execute(IdeaTestRunner.java:38)
	at com.intellij.rt.execution.junit.TestsRepeater.repeat(TestsRepeater.java:11)
	at com.intellij.rt.junit.IdeaTestRunner$Repeater.startRunnerWithArgs(IdeaTestRunner.java:35)
	at com.intellij.rt.junit.JUnitStarter.prepareStreamsAndStart(JUnitStarter.java:232)
	at com.intellij.rt.junit.JUnitStarter.main(JUnitStarter.java:55)
Caused by: com.mysql.cj.jdbc.exceptions.CommunicationsException: Communications link failure

The last packet sent successfully to the server was 0 milliseconds ago. The driver has not received any packets from the server.
	at com.mysql.cj.jdbc.exceptions.SQLError.createCommunicationsException(SQLError.java:174)
	at com.mysql.cj.jdbc.exceptions.SQLExceptionsMapping.translateException(SQLExceptionsMapping.java:64)
	at com.mysql.cj.jdbc.ConnectionImpl.createNewIO(ConnectionImpl.java:829)
	at com.mysql.cj.jdbc.ConnectionImpl.<init>(ConnectionImpl.java:449)
	at com.mysql.cj.jdbc.ConnectionImpl.getInstance(ConnectionImpl.java:242)
	at com.mysql.cj.jdbc.NonRegisteringDriver.connect(NonRegisteringDriver.java:198)
	at com.frameworkset.commons.dbcp2.DriverConnectionFactory.createConnection(DriverConnectionFactory.java:59)
	... 86 more
Caused by: com.mysql.cj.exceptions.CJCommunicationsException: Communications link failure

The last packet sent successfully to the server was 0 milliseconds ago. The driver has not received any packets from the server.
	at java.base/jdk.internal.reflect.DirectConstructorHandleAccessor.newInstance(DirectConstructorHandleAccessor.java:67)
	at java.base/java.lang.reflect.Constructor.newInstanceWithCaller(Constructor.java:499)
	at java.base/java.lang.reflect.Constructor.newInstance(Constructor.java:483)
	at com.mysql.cj.exceptions.ExceptionFactory.createException(ExceptionFactory.java:61)
	at com.mysql.cj.exceptions.ExceptionFactory.createException(ExceptionFactory.java:105)
	at com.mysql.cj.exceptions.ExceptionFactory.createException(ExceptionFactory.java:151)
	at com.mysql.cj.exceptions.ExceptionFactory.createCommunicationsException(ExceptionFactory.java:167)
	at com.mysql.cj.protocol.a.NativeSocketConnection.connect(NativeSocketConnection.java:89)
	at com.mysql.cj.NativeSession.connect(NativeSession.java:120)
	at com.mysql.cj.jdbc.ConnectionImpl.connectOneTryOnly(ConnectionImpl.java:949)
	at com.mysql.cj.jdbc.ConnectionImpl.createNewIO(ConnectionImpl.java:819)
	... 90 more
Caused by: java.net.ConnectException: Connection refused: connect
	at java.base/sun.nio.ch.Net.connect0(Native Method)
	at java.base/sun.nio.ch.Net.connect(Net.java:579)
	at java.base/sun.nio.ch.Net.connect(Net.java:568)
	at java.base/sun.nio.ch.NioSocketImpl.connect(NioSocketImpl.java:585)
	at java.base/java.net.SocksSocketImpl.connect(SocksSocketImpl.java:327)
	at java.base/java.net.Socket.connect(Socket.java:633)
	at com.mysql.cj.protocol.StandardSocketFactory.connect(StandardSocketFactory.java:156)
	at com.mysql.cj.protocol.a.NativeSocketConnection.connect(NativeSocketConnection.java:63)
	... 93 more
[2024-02-18 09:10:31][INFO][com.frameworkset.common.poolman.util.JDBCPool] DataSource bound to JNDI under name[secondds_jndi]
[2024-02-18 09:10:33][INFO][com.frameworkset.common.poolman.util.SQLManager] Start Pool secondds complete[success].
[2024-02-18 09:10:33][INFO][com.frameworkset.common.poolman.util.SQLManager] Start Pool default begin.
[2024-02-18 09:10:33][INFO][com.frameworkset.common.poolman.management.LocalPoolDeployer]  Created JDBC Connection Pool named default,config:{"url":"jdbc:mysql://192.168.137.1:3306/apm?allowPublicKeyRetrieval=true&useUnicode=true&characterEncoding=utf-8&useSSL=false&rewriteBatchedStatements=true","driverName":null,"userName":"root","dbname":"default","usepool":true,"driver":"com.mysql.cj.jdbc.Driver","password":"******","jndiname":"default_jndi","dbtype":null,"loadmetadata":"false","minimumSize":10,"maximumSize":50,"maximumSoft":true,"datasourceFile":null,"testWhileidle":true,"removeAbandoned":"false","logAbandoned":true,"readOnly":null,"enablejta":false,"initialConnections":10,"seqfunction":null,"databaseProductName":null,"databaseProductVersion":null,"driverVersion":null,"datasourceParameters":null,"validationQuery":"select 1","queryfetchsize":null,"external":false,"showsql":true"showsqlParams":false,"externaljndiName":null,"removeOnExceptions":false,"maxOpenPreparedStatements":-1,"userTimeout":300,"connectionTimeout":5000,"maxWait":"6000","transactionTimeout":60,"skimmerFrequency":180000,"shrinkBy":5,"interceptor":"com.frameworkset.common.poolman.interceptor.DummyInterceptor","idGenerator":null,"jndiclass":null,"jndiuser":null,"jndipassword":******,"DbInfoEncrypt":,"balance":random,"enableBalance":"false,"jndiurl":null,"keygenerate":"composite","autoprimarykey":false,"robotquery":true,"poolPreparedStatements":false,"return_GENERATED_KEYS":true,"txIsolationLevel":null}
[2024-02-18 09:10:35][WARN][com.frameworkset.commons.dbcp2.BasicDataSource] Error preloading the connection pool
com.frameworkset.common.poolman.NestedSQLException: jdbc:mysql://192.168.137.1:3306/apm?allowPublicKeyRetrieval=true&useUnicode=true&characterEncoding=utf-8&useSSL=false&rewriteBatchedStatements=true
	at com.frameworkset.commons.dbcp2.DriverConnectionFactory.createConnection(DriverConnectionFactory.java:62)
	at com.frameworkset.commons.dbcp2.PoolableConnectionFactory.makeObject(PoolableConnectionFactory.java:361)
	at com.frameworkset.commons.pool2.impl.GenericObjectPool.create(GenericObjectPool.java:902)
	at com.frameworkset.commons.pool2.impl.GenericObjectPool.addObject(GenericObjectPool.java:1009)
	at com.frameworkset.commons.dbcp2.BasicDataSource.createDataSource(BasicDataSource.java:577)
	at com.frameworkset.commons.dbcp2.BasicDataSource.getLogWriter(BasicDataSource.java:1079)
	at com.frameworkset.commons.dbcp.BasicDataSourceFactory.createDBCP2DataSource(BasicDataSourceFactory.java:392)
	at com.frameworkset.commons.dbcp.BasicDataSourceFactory.createDBCP2DataSource(BasicDataSourceFactory.java:168)
	at com.frameworkset.common.poolman.util.JDBCPool.initPoolDatasource(JDBCPool.java:501)
	at com.frameworkset.common.poolman.util.JDBCPool.setUpCommonPool(JDBCPool.java:531)
	at com.frameworkset.common.poolman.util.JDBCPool.startPool(JDBCPool.java:752)
	at com.frameworkset.common.poolman.util.JDBCPool.<init>(JDBCPool.java:717)
	at com.frameworkset.common.poolman.util.SQLManager.createPool(SQLManager.java:156)
	at com.frameworkset.common.poolman.management.LocalPoolDeployer.startDataSource(LocalPoolDeployer.java:250)
	at com.frameworkset.common.poolman.management.LocalPoolDeployer.deployConfiguration(LocalPoolDeployer.java:90)
	at com.frameworkset.common.poolman.management.PoolManBootstrap.startFromTemplte(PoolManBootstrap.java:143)
	at com.frameworkset.common.poolman.util.SQLManager.startPool(SQLManager.java:998)
	at org.frameworkset.spi.boot.BBossStarter.initDS(BBossStarter.java:159)
	at org.frameworkset.spi.boot.BBossStarter.initDs(BBossStarter.java:105)
	at org.frameworkset.spi.boot.BBossStarter.start(BBossStarter.java:60)
	at java.base/jdk.internal.reflect.DirectMethodHandleAccessor.invoke(DirectMethodHandleAccessor.java:104)
	at java.base/java.lang.reflect.Method.invoke(Method.java:577)
	at org.springframework.beans.factory.support.AbstractAutowireCapableBeanFactory.invokeCustomInitMethod(AbstractAutowireCapableBeanFactory.java:1877)
	at org.springframework.beans.factory.support.AbstractAutowireCapableBeanFactory.invokeInitMethods(AbstractAutowireCapableBeanFactory.java:1830)
	at org.springframework.beans.factory.support.AbstractAutowireCapableBeanFactory.initializeBean(AbstractAutowireCapableBeanFactory.java:1769)
	at org.springframework.beans.factory.support.AbstractAutowireCapableBeanFactory.doCreateBean(AbstractAutowireCapableBeanFactory.java:599)
	at org.springframework.beans.factory.support.AbstractAutowireCapableBeanFactory.createBean(AbstractAutowireCapableBeanFactory.java:521)
	at org.springframework.beans.factory.support.AbstractBeanFactory.lambda$doGetBean$0(AbstractBeanFactory.java:325)
	at org.springframework.beans.factory.support.DefaultSingletonBeanRegistry.getSingleton(DefaultSingletonBeanRegistry.java:234)
	at org.springframework.beans.factory.support.AbstractBeanFactory.doGetBean(AbstractBeanFactory.java:323)
	at org.springframework.beans.factory.support.AbstractBeanFactory.getBean(AbstractBeanFactory.java:199)
	at org.springframework.beans.factory.support.DefaultListableBeanFactory.preInstantiateSingletons(DefaultListableBeanFactory.java:975)
	at org.springframework.context.support.AbstractApplicationContext.finishBeanFactoryInitialization(AbstractApplicationContext.java:959)
	at org.springframework.context.support.AbstractApplicationContext.refresh(AbstractApplicationContext.java:624)
	at org.springframework.boot.SpringApplication.refresh(SpringApplication.java:754)
	at org.springframework.boot.SpringApplication.refreshContext(SpringApplication.java:456)
	at org.springframework.boot.SpringApplication.run(SpringApplication.java:334)
	at org.springframework.boot.test.context.SpringBootContextLoader.lambda$loadContext$3(SpringBootContextLoader.java:137)
	at org.springframework.util.function.ThrowingSupplier.get(ThrowingSupplier.java:58)
	at org.springframework.util.function.ThrowingSupplier.get(ThrowingSupplier.java:46)
	at org.springframework.boot.SpringApplication.withHook(SpringApplication.java:1454)
	at org.springframework.boot.test.context.SpringBootContextLoader$ContextLoaderHook.run(SpringBootContextLoader.java:552)
	at org.springframework.boot.test.context.SpringBootContextLoader.loadContext(SpringBootContextLoader.java:137)
	at org.springframework.boot.test.context.SpringBootContextLoader.loadContext(SpringBootContextLoader.java:108)
	at org.springframework.test.context.cache.DefaultCacheAwareContextLoaderDelegate.loadContextInternal(DefaultCacheAwareContextLoaderDelegate.java:225)
	at org.springframework.test.context.cache.DefaultCacheAwareContextLoaderDelegate.loadContext(DefaultCacheAwareContextLoaderDelegate.java:152)
	at org.springframework.test.context.support.DefaultTestContext.getApplicationContext(DefaultTestContext.java:130)
	at org.springframework.test.context.support.DependencyInjectionTestExecutionListener.injectDependencies(DependencyInjectionTestExecutionListener.java:142)
	at org.springframework.test.context.support.DependencyInjectionTestExecutionListener.prepareTestInstance(DependencyInjectionTestExecutionListener.java:98)
	at org.springframework.test.context.TestContextManager.prepareTestInstance(TestContextManager.java:260)
	at org.springframework.test.context.junit4.SpringJUnit4ClassRunner.createTest(SpringJUnit4ClassRunner.java:228)
	at org.springframework.test.context.junit4.SpringJUnit4ClassRunner$1.runReflectiveCall(SpringJUnit4ClassRunner.java:289)
	at org.junit.internal.runners.model.ReflectiveCallable.run(ReflectiveCallable.java:12)
	at org.springframework.test.context.junit4.SpringJUnit4ClassRunner.methodBlock(SpringJUnit4ClassRunner.java:291)
	at org.springframework.test.context.junit4.SpringJUnit4ClassRunner.runChild(SpringJUnit4ClassRunner.java:247)
	at org.springframework.test.context.junit4.SpringJUnit4ClassRunner.runChild(SpringJUnit4ClassRunner.java:97)
	at org.junit.runners.ParentRunner$4.run(ParentRunner.java:331)
	at org.junit.runners.ParentRunner$1.schedule(ParentRunner.java:79)
	at org.junit.runners.ParentRunner.runChildren(ParentRunner.java:329)
	at org.junit.runners.ParentRunner.access$100(ParentRunner.java:66)
	at org.junit.runners.ParentRunner$2.evaluate(ParentRunner.java:293)
	at org.springframework.test.context.junit4.statements.RunBeforeTestClassCallbacks.evaluate(RunBeforeTestClassCallbacks.java:61)
	at org.springframework.test.context.junit4.statements.RunAfterTestClassCallbacks.evaluate(RunAfterTestClassCallbacks.java:70)
	at org.junit.runners.ParentRunner$3.evaluate(ParentRunner.java:306)
	at org.junit.runners.ParentRunner.run(ParentRunner.java:413)
	at org.springframework.test.context.junit4.SpringJUnit4ClassRunner.run(SpringJUnit4ClassRunner.java:191)
	at org.junit.runner.JUnitCore.run(JUnitCore.java:137)
	at com.intellij.junit4.JUnit4IdeaTestRunner.startRunnerWithArgs(JUnit4IdeaTestRunner.java:69)
	at com.intellij.rt.junit.IdeaTestRunner$Repeater$1.execute(IdeaTestRunner.java:38)
	at com.intellij.rt.execution.junit.TestsRepeater.repeat(TestsRepeater.java:11)
	at com.intellij.rt.junit.IdeaTestRunner$Repeater.startRunnerWithArgs(IdeaTestRunner.java:35)
	at com.intellij.rt.junit.JUnitStarter.prepareStreamsAndStart(JUnitStarter.java:232)
	at com.intellij.rt.junit.JUnitStarter.main(JUnitStarter.java:55)
Caused by: com.mysql.cj.jdbc.exceptions.CommunicationsException: Communications link failure

The last packet sent successfully to the server was 0 milliseconds ago. The driver has not received any packets from the server.
	at com.mysql.cj.jdbc.exceptions.SQLError.createCommunicationsException(SQLError.java:174)
	at com.mysql.cj.jdbc.exceptions.SQLExceptionsMapping.translateException(SQLExceptionsMapping.java:64)
	at com.mysql.cj.jdbc.ConnectionImpl.createNewIO(ConnectionImpl.java:829)
	at com.mysql.cj.jdbc.ConnectionImpl.<init>(ConnectionImpl.java:449)
	at com.mysql.cj.jdbc.ConnectionImpl.getInstance(ConnectionImpl.java:242)
	at com.mysql.cj.jdbc.NonRegisteringDriver.connect(NonRegisteringDriver.java:198)
	at com.frameworkset.commons.dbcp2.DriverConnectionFactory.createConnection(DriverConnectionFactory.java:59)
	... 72 more
Caused by: com.mysql.cj.exceptions.CJCommunicationsException: Communications link failure

The last packet sent successfully to the server was 0 milliseconds ago. The driver has not received any packets from the server.
	at java.base/jdk.internal.reflect.DirectConstructorHandleAccessor.newInstance(DirectConstructorHandleAccessor.java:67)
	at java.base/java.lang.reflect.Constructor.newInstanceWithCaller(Constructor.java:499)
	at java.base/java.lang.reflect.Constructor.newInstance(Constructor.java:483)
	at com.mysql.cj.exceptions.ExceptionFactory.createException(ExceptionFactory.java:61)
	at com.mysql.cj.exceptions.ExceptionFactory.createException(ExceptionFactory.java:105)
	at com.mysql.cj.exceptions.ExceptionFactory.createException(ExceptionFactory.java:151)
	at com.mysql.cj.exceptions.ExceptionFactory.createCommunicationsException(ExceptionFactory.java:167)
	at com.mysql.cj.protocol.a.NativeSocketConnection.connect(NativeSocketConnection.java:89)
	at com.mysql.cj.NativeSession.connect(NativeSession.java:120)
	at com.mysql.cj.jdbc.ConnectionImpl.connectOneTryOnly(ConnectionImpl.java:949)
	at com.mysql.cj.jdbc.ConnectionImpl.createNewIO(ConnectionImpl.java:819)
	... 76 more
Caused by: java.net.ConnectException: Connection refused: connect
	at java.base/sun.nio.ch.Net.connect0(Native Method)
	at java.base/sun.nio.ch.Net.connect(Net.java:579)
	at java.base/sun.nio.ch.Net.connect(Net.java:568)
	at java.base/sun.nio.ch.NioSocketImpl.connect(NioSocketImpl.java:585)
	at java.base/java.net.SocksSocketImpl.connect(SocksSocketImpl.java:327)
	at java.base/java.net.Socket.connect(Socket.java:633)
	at com.mysql.cj.protocol.StandardSocketFactory.connect(StandardSocketFactory.java:156)
	at com.mysql.cj.protocol.a.NativeSocketConnection.connect(NativeSocketConnection.java:63)
	... 79 more
[2024-02-18 09:10:35][INFO][com.frameworkset.common.poolman.util.JDBCPool] DataSource bound to JNDI under name[default_jndi]
[2024-02-18 09:10:37][INFO][com.frameworkset.common.poolman.util.SQLManager] Start Pool default complete[success].
[2024-02-18 09:10:37][INFO][com.frameworkset.sqlexecutor.BBossStarterTestCase] Started BBossStarterTestCase in 13.331 seconds (process running for 14.006)
[2024-02-21 16:12:15][INFO][com.frameworkset.sqlexecutor.BBossStarterTestCase] Starting BBossStarterTestCase using Java 18.0.2.1 with PID 13016 (started by AI in C:\workspace\bbossgroups\bboss-demos\etl-elasticsearch\db-db-job3)
[2024-02-21 16:12:15][INFO][com.frameworkset.sqlexecutor.BBossStarterTestCase] No active profile set, falling back to 1 default profile: "default"
[2024-02-21 16:12:15][INFO][org.frameworkset.spi.remote.http.ClientConfiguration] Http Pool[default] config:http.authAccount=elastic,http.authPassword=******,http.encodedAuthCharset=US-ASCII,http.timeoutConnection=5000,http.timeoutSocket=5000,http.connectionRequestTimeout=5000,http.retryTime=1,http.automaticRetriesDisabled=false,http.backoffAuth=false,http.retryInterval=-1,http.maxLineLength=-1,http.maxHeaderCount=200,http.maxTotal=400,http.soReuseAddress=false,http.soKeepAlive=false,http.timeToLive=3600000,http.keepAlive=3600000,http.defaultMaxPerRoute=200,http.validateAfterInactivity=2000,http.staleConnectionCheckEnabled=false,http.customHttpRequestRetryHandler=org.frameworkset.spi.remote.http.ConnectionResetHttpRequestRetryHandler,http.keystore=null,http.keystoreAlias=null,http.keyPassword=null,http.truststore=null,http.truststoreAlias=null,http.trustPassword=null,http.pemCert=null,http.pemtrustedCA=null,http.pemKey=null,http.pemkeyPassword=null,http.hostnameVerifier=null,http.supportedProtocols=TLSv1.2,TLSv1.1,TLSv1,http.httpClientBuilderCallback=null,http.evictExpiredConnections=true,http.routing=null,http.health=/,http.discoverService=null,http.hosts=192.168.137.1:8088,http.failAllContinue=true,http.healthCheckInterval=1000,http.discoverServiceInterval=null,http.handleNullOrEmptyHostsByDiscovery=false,http.hosts=192.168.137.1:8088,http.health=/,http.healthCheckInterval=1000,http.failAllContinue=true,http.discoverServiceInterval=10000,http.handleNullOrEmptyHostsByDiscovery=false
[2024-02-21 16:12:15][INFO][org.frameworkset.spi.remote.http.proxy.HttpServiceHosts] Start Http pool[default] HttpProxy server healthCheck thread,you can set http.healthCheckInterval=-1 in config file to disable healthCheck.
[2024-02-21 16:12:15][INFO][org.frameworkset.spi.remote.http.proxy.HttpServiceHosts] Discover Http pool[default] is disabled,to enabled set http.discoverService in configfile.
[2024-02-21 16:12:15][INFO][com.frameworkset.common.poolman.util.SQLManager] Start Pool firstds begin.
[2024-02-21 16:12:15][INFO][com.frameworkset.common.poolman.management.LocalPoolDeployer]  Created JDBC Connection Pool named firstds,config:{"url":"jdbc:mysql://192.168.137.1:3306/apm?allowPublicKeyRetrieval=true&useUnicode=true&characterEncoding=utf-8&useSSL=false&rewriteBatchedStatements=true","driverName":null,"userName":"root","dbname":"firstds","usepool":true,"driver":"com.mysql.cj.jdbc.Driver","password":"******","jndiname":"firstds_jndi","dbtype":null,"loadmetadata":"false","minimumSize":10,"maximumSize":50,"maximumSoft":true,"datasourceFile":null,"testWhileidle":true,"removeAbandoned":"false","logAbandoned":true,"readOnly":null,"enablejta":false,"initialConnections":10,"seqfunction":null,"databaseProductName":null,"databaseProductVersion":null,"driverVersion":null,"datasourceParameters":null,"validationQuery":"select 1","queryfetchsize":null,"external":false,"showsql":true"showsqlParams":false,"externaljndiName":null,"removeOnExceptions":false,"maxOpenPreparedStatements":-1,"userTimeout":300,"connectionTimeout":5000,"maxWait":"6000","transactionTimeout":60,"skimmerFrequency":180000,"shrinkBy":5,"interceptor":"com.frameworkset.common.poolman.interceptor.DummyInterceptor","idGenerator":null,"jndiclass":null,"jndiuser":null,"jndipassword":******,"DbInfoEncrypt":,"balance":random,"enableBalance":"false,"jndiurl":null,"keygenerate":"composite","autoprimarykey":false,"robotquery":true,"poolPreparedStatements":false,"return_GENERATED_KEYS":true,"txIsolationLevel":null}
[2024-02-21 16:12:15][INFO][com.frameworkset.common.poolman.util.JDBCPool] DataSource bound to JNDI under name[firstds_jndi]
[2024-02-21 16:12:15][INFO][com.frameworkset.common.poolman.util.SQLManager] Start Pool firstds complete[success].
[2024-02-21 16:12:16][INFO][org.frameworkset.spi.assemble.LoggerPropertiesInterceptor] org.frameworkset.spi.boot.BaseBBossProperties$Db@5f69e2b
[2024-02-21 16:12:16][INFO][com.frameworkset.common.poolman.util.SQLManager] Start Pool secondds begin.
[2024-02-21 16:12:16][INFO][com.frameworkset.common.poolman.management.LocalPoolDeployer]  Created JDBC Connection Pool named secondds,config:{"url":"jdbc:mysql://192.168.137.1:3306/bboss?allowPublicKeyRetrieval=true&useUnicode=true&characterEncoding=utf-8&useSSL=false&rewriteBatchedStatements=true","driverName":null,"userName":"root","dbname":"secondds","usepool":true,"driver":"com.mysql.cj.jdbc.Driver","password":"******","jndiname":"secondds_jndi","dbtype":null,"loadmetadata":"false","minimumSize":10,"maximumSize":50,"maximumSoft":true,"datasourceFile":null,"testWhileidle":true,"removeAbandoned":"false","logAbandoned":true,"readOnly":null,"enablejta":false,"initialConnections":10,"seqfunction":null,"databaseProductName":null,"databaseProductVersion":null,"driverVersion":null,"datasourceParameters":null,"validationQuery":"select 1","queryfetchsize":null,"external":false,"showsql":true"showsqlParams":false,"externaljndiName":null,"removeOnExceptions":false,"maxOpenPreparedStatements":-1,"userTimeout":300,"connectionTimeout":5000,"maxWait":"6000","transactionTimeout":60,"skimmerFrequency":180000,"shrinkBy":5,"interceptor":"com.frameworkset.common.poolman.interceptor.DummyInterceptor","idGenerator":null,"jndiclass":null,"jndiuser":null,"jndipassword":******,"DbInfoEncrypt":,"balance":random,"enableBalance":"false,"jndiurl":null,"keygenerate":"composite","autoprimarykey":false,"robotquery":true,"poolPreparedStatements":false,"return_GENERATED_KEYS":true,"txIsolationLevel":null}
[2024-02-21 16:12:16][INFO][com.frameworkset.common.poolman.util.JDBCPool] DataSource bound to JNDI under name[secondds_jndi]
[2024-02-21 16:12:16][INFO][com.frameworkset.common.poolman.util.SQLManager] Start Pool secondds complete[success].
[2024-02-21 16:12:16][INFO][com.frameworkset.common.poolman.util.SQLManager] Start Pool default begin.
[2024-02-21 16:12:16][INFO][com.frameworkset.common.poolman.management.LocalPoolDeployer]  Created JDBC Connection Pool named default,config:{"url":"jdbc:mysql://192.168.137.1:3306/apm?allowPublicKeyRetrieval=true&useUnicode=true&characterEncoding=utf-8&useSSL=false&rewriteBatchedStatements=true","driverName":null,"userName":"root","dbname":"default","usepool":true,"driver":"com.mysql.cj.jdbc.Driver","password":"******","jndiname":"default_jndi","dbtype":null,"loadmetadata":"false","minimumSize":10,"maximumSize":50,"maximumSoft":true,"datasourceFile":null,"testWhileidle":true,"removeAbandoned":"false","logAbandoned":true,"readOnly":null,"enablejta":false,"initialConnections":10,"seqfunction":null,"databaseProductName":null,"databaseProductVersion":null,"driverVersion":null,"datasourceParameters":null,"validationQuery":"select 1","queryfetchsize":null,"external":false,"showsql":true"showsqlParams":false,"externaljndiName":null,"removeOnExceptions":false,"maxOpenPreparedStatements":-1,"userTimeout":300,"connectionTimeout":5000,"maxWait":"6000","transactionTimeout":60,"skimmerFrequency":180000,"shrinkBy":5,"interceptor":"com.frameworkset.common.poolman.interceptor.DummyInterceptor","idGenerator":null,"jndiclass":null,"jndiuser":null,"jndipassword":******,"DbInfoEncrypt":,"balance":random,"enableBalance":"false,"jndiurl":null,"keygenerate":"composite","autoprimarykey":false,"robotquery":true,"poolPreparedStatements":false,"return_GENERATED_KEYS":true,"txIsolationLevel":null}
[2024-02-21 16:12:16][INFO][com.frameworkset.common.poolman.util.JDBCPool] DataSource bound to JNDI under name[default_jndi]
[2024-02-21 16:12:16][INFO][com.frameworkset.common.poolman.util.SQLManager] Start Pool default complete[success].
[2024-02-21 16:12:16][INFO][com.frameworkset.sqlexecutor.BBossStarterTestCase] Started BBossStarterTestCase in 1.275 seconds (process running for 1.933)
